[2025-05-13T12:12:16.851Z] INFO: Connected to SQLite database
[2025-05-13T12:12:17.200Z] INFO: Client connected:
{
  "socketId": "ZTlemnRioUUpmLvVAAAB"
}
[2025-05-13T12:12:18.286Z] INFO: Client connected:
{
  "socketId": "2ys3YICATfDxjLwBAAAD"
}
[2025-05-13T12:12:18.487Z] INFO: Client connected:
{
  "socketId": "zZASRFZbK2cPi2gLAAAF"
}
[2025-05-13T12:12:19.318Z] INFO: Server running at http://localhost:3000
[2025-05-13T12:12:19.320Z] INFO: Connected to SQLite database
[2025-05-13T12:12:20.130Z] INFO: Client connected:
{
  "socketId": "LhNHUUqy_4l2eaNMAAAB"
}
[2025-05-13T12:12:20.324Z] INFO: Client connected:
{
  "socketId": "b0qCanqHbpmOfVZ8AAAD"
}
[2025-05-13T12:12:20.596Z] INFO: Client connected:
{
  "socketId": "CpVIfMwXSM0SGQa4AAAF"
}
[2025-05-13T12:12:22.599Z] INFO: Client connected:
{
  "socketId": "Pcqcbq0Jm34sfsP-AAAH"
}
[2025-05-13T12:12:42.936Z] INFO: Server running at http://localhost:3000
[2025-05-13T12:12:42.940Z] INFO: Connected to SQLite database
[2025-05-13T12:12:43.746Z] INFO: Client connected:
{
  "socketId": "PR-ego-IlTePVB7oAAAB"
}
[2025-05-13T12:12:44.107Z] INFO: Client connected:
{
  "socketId": "E022li31KJk1vw1BAAAD"
}
[2025-05-13T12:12:44.125Z] INFO: Client connected:
{
  "socketId": "31SYxRmJjxeO2q7UAAAF"
}
[2025-05-13T12:12:44.196Z] INFO: Client connected:
{
  "socketId": "1mB2QoiEbuoH24ERAAAH"
}
[2025-05-13T12:12:56.726Z] INFO: Server running at http://localhost:3000
[2025-05-13T12:12:56.731Z] INFO: Connected to SQLite database
[2025-05-13T12:12:57.539Z] INFO: Client connected:
{
  "socketId": "_9OHtMZU_hjx-OEdAAAD"
}
[2025-05-13T12:12:57.540Z] INFO: Client connected:
{
  "socketId": "MLolOrw7gNsiY3CwAAAE"
}
[2025-05-13T12:12:57.543Z] INFO: Client connected:
{
  "socketId": "x32tcB9ge0Xhofh8AAAF"
}
[2025-05-13T12:12:57.895Z] INFO: Client connected:
{
  "socketId": "sI577U9qLUeCIzphAAAH"
}
[2025-05-13T12:13:19.333Z] INFO: Server running at http://localhost:3000
[2025-05-13T12:13:19.336Z] INFO: Connected to SQLite database
[2025-05-13T12:13:20.145Z] INFO: Client connected:
{
  "socketId": "Hd9awxDuH8W--Hd4AAAD"
}
[2025-05-13T12:13:20.151Z] INFO: Client connected:
{
  "socketId": "uRx8XDCxFInEB7OgAAAE"
}
[2025-05-13T12:13:20.155Z] INFO: Client connected:
{
  "socketId": "-ix_KY15K3FJfj5GAAAF"
}
[2025-05-13T12:13:20.295Z] INFO: Client connected:
{
  "socketId": "mQ8o5y8qJOJS-6U0AAAH"
}
[2025-05-13T12:13:41.572Z] INFO: Starting scheduled database maintenance
[2025-05-13T12:13:41.574Z] ERROR: Maintenance failed:
{}
[2025-05-13T12:13:41.576Z] INFO: Server running at http://localhost:3000
[2025-05-13T12:13:41.577Z] INFO: Connected to SQLite database
[2025-05-13T12:13:42.371Z] INFO: Client connected:
{
  "socketId": "lu5pQUv9aO3nnzrrAAAC"
}
[2025-05-13T12:13:42.373Z] INFO: Client connected:
{
  "socketId": "uPgK-jc9xrSpmSp1AAAD"
}
[2025-05-13T12:13:42.615Z] INFO: Client connected:
{
  "socketId": "_bhaBh8_BiWxHtlqAAAF"
}
[2025-05-13T12:13:42.830Z] INFO: Client connected:
{
  "socketId": "4QWRVccF5f2Lr6ejAAAH"
}
[2025-05-13T12:14:02.830Z] INFO: Starting scheduled database maintenance
[2025-05-13T12:14:02.832Z] ERROR: Maintenance failed:
{}
[2025-05-13T12:14:02.834Z] INFO: Server running at http://localhost:3000
[2025-05-13T12:14:02.835Z] INFO: Connected to SQLite database
[2025-05-13T12:14:03.633Z] INFO: Client connected:
{
  "socketId": "yCRWz5HhUMs7MPAvAAAB"
}
[2025-05-13T12:14:03.729Z] INFO: Client connected:
{
  "socketId": "TsrhsVgS7XCMzbUSAAAD"
}
[2025-05-13T12:14:03.897Z] INFO: Client connected:
{
  "socketId": "BB6fd_oOz7-EmrZkAAAF"
}
[2025-05-13T12:14:04.086Z] INFO: Client connected:
{
  "socketId": "5ZQXCRPrPL00PpAFAAAH"
}
[2025-05-13T12:14:13.465Z] INFO: Starting scheduled database maintenance
[2025-05-13T12:14:13.469Z] ERROR: Maintenance failed:
{}
[2025-05-13T12:14:13.471Z] INFO: Server running at http://localhost:3000
[2025-05-13T12:14:13.473Z] INFO: Connected to SQLite database
[2025-05-13T12:14:14.271Z] INFO: Client connected:
{
  "socketId": "vA_WRxIoSCueUz4jAAAC"
}
[2025-05-13T12:14:14.273Z] INFO: Client connected:
{
  "socketId": "-tGd-rzsMW4kOqGzAAAD"
}
[2025-05-13T12:14:14.431Z] INFO: Client connected:
{
  "socketId": "gZPZImu2_aWHzg6xAAAF"
}
[2025-05-13T12:14:14.708Z] INFO: Client connected:
{
  "socketId": "LXuMHnSn37X1w3riAAAH"
}
[2025-05-13T12:14:27.865Z] INFO: Starting scheduled database maintenance
[2025-05-13T12:14:27.869Z] ERROR: Maintenance failed:
{}
[2025-05-13T12:14:27.872Z] INFO: Server running at http://localhost:3000
[2025-05-13T12:14:27.873Z] INFO: Connected to SQLite database
[2025-05-13T12:14:28.685Z] INFO: Client connected:
{
  "socketId": "WtfU41LPxFXxZ_6GAAAD"
}
[2025-05-13T12:14:28.687Z] INFO: Client connected:
{
  "socketId": "QhZAVOjZjBxoe6fRAAAE"
}
[2025-05-13T12:14:28.690Z] INFO: Client connected:
{
  "socketId": "lpTFkjD1AbmYyQhiAAAF"
}
[2025-05-13T12:14:28.932Z] INFO: Client connected:
{
  "socketId": "zlQI_gjTaifiFJQHAAAH"
}
[2025-05-13T12:14:38.826Z] INFO: Starting scheduled database maintenance
[2025-05-13T12:14:38.830Z] INFO: Server running at http://localhost:3000
[2025-05-13T12:14:38.832Z] INFO: Connected to SQLite database
[2025-05-13T12:14:38.833Z] INFO: Database tables found:
{
  "tables": [
    "rooms",
    "players"
  ]
}
[2025-05-13T12:14:38.834Z] INFO: Orphaned records cleaned up successfully
[2025-05-13T12:14:45.059Z] INFO: Starting scheduled database maintenance
[2025-05-13T12:14:45.063Z] INFO: Server running at http://localhost:3000
[2025-05-13T12:14:45.065Z] INFO: Connected to SQLite database
[2025-05-13T12:14:45.066Z] INFO: Database tables found:
{
  "tables": [
    "rooms",
    "players"
  ]
}
[2025-05-13T12:14:45.067Z] INFO: Orphaned records cleaned up successfully
[2025-05-13T12:14:46.159Z] INFO: Starting scheduled database maintenance
[2025-05-13T12:14:46.163Z] INFO: Server running at http://localhost:3000
[2025-05-13T12:14:46.164Z] INFO: Connected to SQLite database
[2025-05-13T12:14:46.165Z] INFO: Database tables found:
{
  "tables": [
    "rooms",
    "players"
  ]
}
[2025-05-13T12:14:46.166Z] INFO: Orphaned records cleaned up successfully
[2025-05-13T12:14:46.383Z] INFO: Starting scheduled database maintenance
[2025-05-13T12:14:46.387Z] INFO: Server running at http://localhost:3000
[2025-05-13T12:14:46.389Z] INFO: Connected to SQLite database
[2025-05-13T12:14:46.390Z] INFO: Database tables found:
{
  "tables": [
    "rooms",
    "players"
  ]
}
[2025-05-13T12:14:46.391Z] INFO: Orphaned records cleaned up successfully
[2025-05-13T12:14:46.761Z] INFO: Starting scheduled database maintenance
[2025-05-13T12:14:46.765Z] INFO: Server running at http://localhost:3000
[2025-05-13T12:14:46.766Z] INFO: Connected to SQLite database
[2025-05-13T12:14:46.768Z] INFO: Database tables found:
{
  "tables": [
    "rooms",
    "players"
  ]
}
[2025-05-13T12:14:46.775Z] INFO: Orphaned records cleaned up successfully
[2025-05-13T12:14:47.244Z] INFO: Starting scheduled database maintenance
[2025-05-13T12:14:47.248Z] INFO: Server running at http://localhost:3000
[2025-05-13T12:14:47.250Z] INFO: Connected to SQLite database
[2025-05-13T12:14:47.251Z] INFO: Database tables found:
{
  "tables": [
    "rooms",
    "players"
  ]
}
[2025-05-13T12:14:47.253Z] INFO: Orphaned records cleaned up successfully
[2025-05-13T12:14:57.335Z] INFO: Starting scheduled database maintenance
[2025-05-13T12:14:57.339Z] INFO: Server running at http://localhost:3000
[2025-05-13T12:14:57.340Z] INFO: Connected to SQLite database
[2025-05-13T12:14:57.342Z] INFO: Database tables found:
{
  "tables": [
    "rooms",
    "players"
  ]
}
[2025-05-13T12:14:57.343Z] INFO: Orphaned records cleaned up successfully
[2025-05-13T12:14:57.345Z] INFO: Removed old backup:
{
  "file": "game-2025-05-13T12-14-38-835Z.db"
}
[2025-05-13T12:16:08.528Z] INFO: Starting scheduled database maintenance
[2025-05-13T12:16:08.532Z] INFO: Server running at http://localhost:3000
[2025-05-13T12:16:08.534Z] INFO: Connected to SQLite database
[2025-05-13T12:16:08.535Z] INFO: Database tables found:
{
  "tables": [
    "rooms",
    "players"
  ]
}
[2025-05-13T12:16:08.536Z] INFO: Orphaned records cleaned up successfully
[2025-05-13T12:16:08.538Z] INFO: Removed old backup:
{
  "file": "game-2025-05-13T12-14-45-068Z.db"
}
[2025-05-13T12:18:01.973Z] INFO: Starting scheduled database maintenance
[2025-05-13T12:18:01.974Z] INFO: Starting scheduled database maintenance
[2025-05-13T12:18:01.979Z] INFO: Server running at http://localhost:3000
[2025-05-13T12:18:01.979Z] ERROR: Failed to start server:
{
  "code": "EADDRINUSE",
  "errno": -4091,
  "syscall": "listen",
  "address": "::",
  "port": 3000
}
[2025-05-13T12:18:01.980Z] INFO: Connected to SQLite database
[2025-05-13T12:18:01.982Z] INFO: Database tables found:
{
  "tables": [
    "rooms",
    "players"
  ]
}
[2025-05-13T12:18:01.983Z] INFO: Orphaned records cleaned up successfully
[2025-05-13T12:18:01.988Z] INFO: Starting scheduled database maintenance
[2025-05-13T12:18:01.993Z] INFO: Server running at http://localhost:3000
[2025-05-13T12:18:01.995Z] INFO: Connected to SQLite database
[2025-05-13T12:18:01.996Z] INFO: Database tables found:
{
  "tables": [
    "rooms",
    "players"
  ]
}
[2025-05-13T12:18:01.997Z] INFO: Orphaned records cleaned up successfully
[2025-05-13T12:22:23.910Z] INFO: Starting scheduled database maintenance
[2025-05-13T12:22:23.911Z] INFO: Starting scheduled database maintenance
[2025-05-13T12:22:23.913Z] INFO: Starting scheduled database maintenance
[2025-05-13T12:22:23.915Z] INFO: Server running at http://localhost:3000
[2025-05-13T12:22:23.916Z] ERROR: Failed to start server:
{
  "code": "EADDRINUSE",
  "errno": -4091,
  "syscall": "listen",
  "address": "::",
  "port": 3000
}
[2025-05-13T12:22:23.917Z] INFO: Connected to SQLite database
[2025-05-13T12:22:23.918Z] ERROR: Failed to start server:
{
  "code": "EADDRINUSE",
  "errno": -4091,
  "syscall": "listen",
  "address": "::",
  "port": 3000
}
[2025-05-13T12:22:23.918Z] INFO: Database tables found:
{
  "tables": [
    "rooms",
    "players"
  ]
}
[2025-05-13T12:22:23.919Z] INFO: Orphaned records cleaned up successfully
[2025-05-13T12:22:23.927Z] INFO: Removed old backup:
{
  "file": "game-2025-05-13T12-14-46-776Z.db"
}
[2025-05-13T12:22:23.928Z] INFO: Removed old backup:
{
  "file": "game-2025-05-13T12-14-46-391Z.db"
}
[2025-05-13T12:22:23.929Z] INFO: Removed old backup:
{
  "file": "game-2025-05-13T12-14-46-167Z.db"
}
[2025-05-13T12:22:40.246Z] INFO: Starting scheduled database maintenance
[2025-05-13T12:22:40.253Z] INFO: Server running at http://localhost:3000
[2025-05-13T12:22:40.256Z] INFO: Connected to SQLite database
[2025-05-13T12:22:40.259Z] INFO: Database tables found:
{
  "tables": [
    "rooms",
    "players"
  ]
}
[2025-05-13T12:22:40.264Z] INFO: Orphaned records cleaned up successfully
[2025-05-13T12:22:40.269Z] INFO: Removed old backup:
{
  "file": "game-2025-05-13T12-14-47-253Z.db"
}
[2025-05-13T12:23:14.837Z] INFO: Starting scheduled database maintenance
[2025-05-13T12:23:14.839Z] INFO: Starting scheduled database maintenance
[2025-05-13T12:23:14.856Z] INFO: Server running at http://localhost:3000
[2025-05-13T12:23:14.857Z] ERROR: Failed to start server:
{
  "code": "EADDRINUSE",
  "errno": -4091,
  "syscall": "listen",
  "address": "::",
  "port": 3000
}
[2025-05-13T12:23:14.858Z] INFO: Connected to SQLite database
[2025-05-13T12:23:14.861Z] INFO: Database tables found:
{
  "tables": [
    "rooms",
    "players"
  ]
}
[2025-05-13T12:23:14.860Z] INFO: Starting scheduled database maintenance
[2025-05-13T12:23:14.874Z] INFO: Orphaned records cleaned up successfully
[2025-05-13T12:23:14.889Z] INFO: Database stats:
{
  "totalRooms": 0,
  "totalPlayers": 0,
  "activeGames": 0
}
[2025-05-13T12:23:14.890Z] INFO: Database stats:
{
  "totalRooms": 0,
  "totalPlayers": 0,
  "activeGames": 0
}
[2025-05-13T12:23:14.890Z] ERROR: Failed to start server:
{
  "code": "EADDRINUSE",
  "errno": -4091,
  "syscall": "listen",
  "address": "::",
  "port": 3000
}
[2025-05-13T12:23:14.905Z] INFO: Removed old backup:
{
  "file": "game-2025-05-13T12-14-57-344Z.db"
}
[2025-05-13T12:23:14.921Z] INFO: Starting scheduled database maintenance
[2025-05-13T12:23:14.928Z] INFO: Server running at http://localhost:3000
[2025-05-13T12:23:14.930Z] INFO: Connected to SQLite database
[2025-05-13T12:23:14.932Z] INFO: Database tables found:
{
  "tables": [
    "rooms",
    "players"
  ]
}
[2025-05-13T12:23:14.933Z] INFO: Orphaned records cleaned up successfully
[2025-05-13T12:23:14.936Z] INFO: Database stats:
{
  "totalRooms": 0,
  "totalPlayers": 0,
  "activeGames": 0
}
[2025-05-13T12:23:14.936Z] INFO: Database stats:
{
  "totalRooms": 0,
  "totalPlayers": 0,
  "activeGames": 0
}
[2025-05-13T12:23:14.940Z] INFO: Removed old backup:
{
  "file": "game-2025-05-13T12-16-08-537Z.db"
}
[2025-05-13T12:23:28.577Z] INFO: Starting scheduled database maintenance
[2025-05-13T12:23:28.591Z] INFO: Starting scheduled database maintenance
[2025-05-13T12:23:28.583Z] INFO: Starting scheduled database maintenance
[2025-05-13T12:23:28.601Z] INFO: Connected to SQLite database
[2025-05-13T12:23:28.592Z] INFO: Starting scheduled database maintenance
[2025-05-13T12:23:28.606Z] INFO: Starting scheduled database maintenance
[2025-05-13T12:23:28.606Z] INFO: Database tables found:
{
  "tables": [
    "rooms",
    "players"
  ]
}
[2025-05-13T12:23:28.607Z] INFO: Database tables found:
{
  "tables": [
    "rooms",
    "players"
  ]
}
[2025-05-13T12:23:28.607Z] INFO: Starting scheduled database maintenance
[2025-05-13T12:23:28.607Z] INFO: Starting scheduled database maintenance
[2025-05-13T12:23:28.609Z] INFO: Connected to SQLite database
[2025-05-13T12:23:28.621Z] INFO: Connected to SQLite database
[2025-05-13T12:23:28.624Z] INFO: Starting scheduled database maintenance
[2025-05-13T12:23:28.625Z] INFO: Orphaned records cleaned up successfully
[2025-05-13T12:23:28.626Z] INFO: Connected to SQLite database
[2025-05-13T12:23:28.640Z] INFO: Orphaned records cleaned up successfully
[2025-05-13T12:23:28.640Z] INFO: Database tables found:
{
  "tables": [
    "rooms",
    "players"
  ]
}
[2025-05-13T12:23:28.640Z] INFO: Database tables found:
{
  "tables": [
    "rooms",
    "players"
  ]
}
[2025-05-13T12:23:28.642Z] INFO: Database stats:
{
  "totalRooms": 0,
  "totalPlayers": 0,
  "activeGames": 0
}
[2025-05-13T12:23:28.641Z] INFO: Database tables found:
{
  "tables": [
    "rooms",
    "players"
  ]
}
[2025-05-13T12:23:28.642Z] INFO: Database tables found:
{
  "tables": [
    "rooms",
    "players"
  ]
}
[2025-05-13T12:23:28.643Z] INFO: Database stats:
{
  "totalRooms": 0,
  "totalPlayers": 0,
  "activeGames": 0
}
[2025-05-13T12:23:28.644Z] INFO: Orphaned records cleaned up successfully
[2025-05-13T12:23:28.656Z] INFO: Orphaned records cleaned up successfully
[2025-05-13T12:23:28.656Z] INFO: Database tables found:
{
  "tables": [
    "rooms",
    "players"
  ]
}
[2025-05-13T12:23:28.657Z] INFO: Database tables found:
{
  "tables": [
    "rooms",
    "players"
  ]
}
[2025-05-13T12:23:28.671Z] INFO: Orphaned records cleaned up successfully
[2025-05-13T12:23:28.672Z] INFO: Removed old backup:
{
  "file": "game-2025-05-13T12-18-01-984Z.db"
}
[2025-05-13T12:23:28.685Z] INFO: Database stats:
{
  "totalRooms": 0,
  "totalPlayers": 0,
  "activeGames": 0
}
[2025-05-13T12:23:28.686Z] INFO: Database stats:
{
  "totalRooms": 0,
  "totalPlayers": 0,
  "activeGames": 0
}
[2025-05-13T12:23:28.700Z] INFO: Removed old backup:
{
  "file": "game-2025-05-13T12-18-01-998Z.db"
}
[2025-05-13T12:23:28.703Z] INFO: Orphaned records cleaned up successfully
[2025-05-13T12:23:28.716Z] INFO: Orphaned records cleaned up successfully
[2025-05-13T12:23:28.719Z] INFO: Database stats:
{
  "totalRooms": 0,
  "totalPlayers": 0,
  "activeGames": 0
}
[2025-05-13T12:23:28.719Z] INFO: Database stats:
{
  "totalRooms": 0,
  "totalPlayers": 0,
  "activeGames": 0
}
[2025-05-13T12:23:28.722Z] INFO: Removed old backup:
{
  "file": "game-2025-05-13T12-22-23-920Z.db"
}
[2025-05-13T12:23:28.735Z] INFO: Orphaned records cleaned up successfully
[2025-05-13T12:23:28.738Z] INFO: Database stats:
{
  "totalRooms": 0,
  "totalPlayers": 0,
  "activeGames": 0
}
[2025-05-13T12:23:28.739Z] INFO: Database stats:
{
  "totalRooms": 0,
  "totalPlayers": 0,
  "activeGames": 0
}
[2025-05-13T12:23:28.743Z] INFO: Removed old backup:
{
  "file": "game-2025-05-13T12-22-40-265Z.db"
}
[2025-05-13T12:23:44.072Z] INFO: Starting scheduled database maintenance
[2025-05-13T12:23:44.075Z] INFO: Starting scheduled database maintenance
[2025-05-13T12:23:44.078Z] INFO: Connected to SQLite database
[2025-05-13T12:23:44.081Z] INFO: Database tables found:
{
  "tables": [
    "rooms",
    "players"
  ]
}
[2025-05-13T12:23:44.083Z] INFO: Database tables found:
{
  "tables": [
    "rooms",
    "players"
  ]
}
[2025-05-13T12:23:44.085Z] INFO: Orphaned records cleaned up successfully
[2025-05-13T12:23:44.088Z] INFO: Database stats:
{
  "totalRooms": 0,
  "totalPlayers": 0,
  "activeGames": 0
}
[2025-05-13T12:23:44.089Z] INFO: Database stats:
{
  "totalRooms": 0,
  "totalPlayers": 0,
  "activeGames": 0
}
[2025-05-13T12:23:44.092Z] INFO: Orphaned records cleaned up successfully
[2025-05-13T12:23:44.093Z] INFO: Removed old backup:
{
  "file": "game-2025-05-13T12-23-14-892Z.db"
}
[2025-05-13T12:24:08.299Z] INFO: Starting scheduled database maintenance
[2025-05-13T12:24:08.299Z] INFO: Starting scheduled database maintenance
[2025-05-13T12:24:08.303Z] INFO: Starting scheduled database maintenance
[2025-05-13T12:24:08.338Z] INFO: Starting scheduled database maintenance
[2025-05-13T12:24:08.346Z] ERROR: Failed to start server:
{
  "code": "EADDRINUSE",
  "errno": -4091,
  "syscall": "listen",
  "address": "::",
  "port": 3000
}
[2025-05-13T12:24:08.348Z] INFO: Server running at http://localhost:3000
[2025-05-13T12:24:08.341Z] INFO: Starting scheduled database maintenance
[2025-05-13T12:24:08.353Z] ERROR: Failed to start server:
{
  "code": "EADDRINUSE",
  "errno": -4091,
  "syscall": "listen",
  "address": "::",
  "port": 3000
}
[2025-05-13T12:24:08.365Z] INFO: Connected to SQLite database
[2025-05-13T12:24:08.378Z] ERROR: Failed to start server:
{
  "code": "EADDRINUSE",
  "errno": -4091,
  "syscall": "listen",
  "address": "::",
  "port": 3000
}
[2025-05-13T12:24:08.381Z] INFO: Database tables found:
{
  "tables": [
    "rooms",
    "players"
  ]
}
[2025-05-13T12:24:08.392Z] INFO: Orphaned records cleaned up successfully
[2025-05-13T12:24:08.393Z] ERROR: Failed to start server:
{
  "code": "EADDRINUSE",
  "errno": -4091,
  "syscall": "listen",
  "address": "::",
  "port": 3000
}
[2025-05-13T12:24:08.415Z] INFO: Database stats:
{
  "totalRooms": 0,
  "totalPlayers": 0,
  "activeGames": 0
}
[2025-05-13T12:24:08.420Z] INFO: Database stats:
{
  "totalRooms": 0,
  "totalPlayers": 0,
  "activeGames": 0
}
[2025-05-13T12:24:08.501Z] INFO: Removed old backup:
{
  "file": "game-2025-05-13T12-23-14-937Z.db"
}
[2025-05-13T12:24:21.018Z] INFO: Server running at http://localhost:3000
[2025-05-13T12:24:21.020Z] ERROR: Failed to start server:
{
  "code": "EADDRINUSE",
  "errno": -4091,
  "syscall": "listen",
  "address": "::",
  "port": 3000
}
[2025-05-13T12:24:21.033Z] ERROR: Initial maintenance failed:
{}
[2025-05-13T12:24:21.046Z] INFO: Connected to SQLite database
[2025-05-13T12:24:21.049Z] ERROR: Failed to start server:
{
  "code": "EADDRINUSE",
  "errno": -4091,
  "syscall": "listen",
  "address": "::",
  "port": 3000
}
[2025-05-13T12:24:21.050Z] ERROR: Failed to start server:
{
  "code": "EADDRINUSE",
  "errno": -4091,
  "syscall": "listen",
  "address": "::",
  "port": 3000
}
[2025-05-13T12:24:21.061Z] ERROR: Failed to start server:
{
  "code": "EADDRINUSE",
  "errno": -4091,
  "syscall": "listen",
  "address": "::",
  "port": 3000
}
[2025-05-13T12:24:21.171Z] INFO: Client connected:
{
  "socketId": "qq3qoiXK4sHBONcmAAAC"
}
[2025-05-13T12:24:21.187Z] INFO: Client connected:
{
  "socketId": "CMS-yDHNqCSwADaeAAAD"
}
[2025-05-13T12:24:22.021Z] INFO: Starting scheduled database maintenance
[2025-05-13T12:24:22.023Z] INFO: Database tables found:
{
  "tables": [
    "rooms",
    "players"
  ]
}
[2025-05-13T12:24:22.025Z] INFO: Orphaned records cleaned up successfully
[2025-05-13T12:24:22.027Z] INFO: Database stats:
{
  "totalRooms": 0,
  "totalPlayers": 0,
  "activeGames": 0
}
[2025-05-13T12:24:22.028Z] INFO: Database stats:
{
  "totalRooms": 0,
  "totalPlayers": 0,
  "activeGames": 0
}
[2025-05-13T12:24:22.034Z] INFO: Removed old backup:
{
  "file": "game-2025-05-13T12-23-28-653Z.db"
}
[2025-05-13T12:24:32.458Z] INFO: Server running at http://localhost:3000
[2025-05-13T12:24:32.462Z] ERROR: Initial maintenance failed:
{}
[2025-05-13T12:24:32.466Z] INFO: Connected to SQLite database
[2025-05-13T12:24:32.480Z] ERROR: Failed to start server:
{
  "code": "EADDRINUSE",
  "errno": -4091,
  "syscall": "listen",
  "address": "::",
  "port": 3000
}
[2025-05-13T12:24:32.481Z] ERROR: Failed to start server:
{
  "code": "EADDRINUSE",
  "errno": -4091,
  "syscall": "listen",
  "address": "::",
  "port": 3000
}
[2025-05-13T12:24:32.489Z] ERROR: Failed to start server:
{
  "code": "EADDRINUSE",
  "errno": -4091,
  "syscall": "listen",
  "address": "::",
  "port": 3000
}
[2025-05-13T12:24:32.501Z] ERROR: Failed to start server:
{
  "code": "EADDRINUSE",
  "errno": -4091,
  "syscall": "listen",
  "address": "::",
  "port": 3000
}
[2025-05-13T12:24:33.467Z] INFO: Starting scheduled database maintenance
[2025-05-13T12:24:33.471Z] INFO: Database tables found:
{
  "tables": [
    "rooms",
    "players"
  ]
}
[2025-05-13T12:24:33.472Z] INFO: Orphaned records cleaned up successfully
[2025-05-13T12:24:33.475Z] INFO: Database stats:
{
  "totalRooms": 0,
  "totalPlayers": 0,
  "activeGames": 0
}
[2025-05-13T12:24:33.475Z] INFO: Database stats:
{
  "totalRooms": 0,
  "totalPlayers": 0,
  "activeGames": 0
}
[2025-05-13T12:24:45.404Z] INFO: Server running at http://localhost:3000
[2025-05-13T12:24:45.407Z] ERROR: Initial maintenance failed:
{}
[2025-05-13T12:24:45.409Z] INFO: Connected to SQLite database
[2025-05-13T12:24:45.578Z] INFO: Client connected:
{
  "socketId": "UvATwMUKf0etmn8JAAAC"
}
[2025-05-13T12:24:45.580Z] INFO: Client connected:
{
  "socketId": "l7ZPrIGR_VXUXoEdAAAD"
}
[2025-05-13T12:24:46.419Z] INFO: Starting scheduled database maintenance
[2025-05-13T12:24:46.428Z] INFO: Database tables found:
{
  "tables": [
    "rooms",
    "players"
  ]
}
[2025-05-13T12:24:46.429Z] INFO: Orphaned records cleaned up successfully
[2025-05-13T12:24:46.479Z] INFO: Database stats:
{
  "totalRooms": 0,
  "totalPlayers": 0,
  "activeGames": 0
}
[2025-05-13T12:24:46.480Z] INFO: Database stats:
{
  "totalRooms": 0,
  "totalPlayers": 0,
  "activeGames": 0
}
[2025-05-13T12:24:46.484Z] INFO: Removed old backup:
{
  "file": "game-2025-05-13T12-23-28-687Z.db"
}
[2025-05-13T12:26:36.734Z] INFO: Server running at http://localhost:3000
[2025-05-13T12:26:36.765Z] ERROR: Initial maintenance failed:
{}
[2025-05-13T12:26:36.767Z] ERROR: Failed to start server:
{
  "code": "EADDRINUSE",
  "errno": -4091,
  "syscall": "listen",
  "address": "::",
  "port": 3000
}
[2025-05-13T12:26:36.770Z] ERROR: Failed to start server:
{
  "code": "EADDRINUSE",
  "errno": -4091,
  "syscall": "listen",
  "address": "::",
  "port": 3000
}
[2025-05-13T12:26:36.801Z] ERROR: Failed to start server:
{
  "code": "EADDRINUSE",
  "errno": -4091,
  "syscall": "listen",
  "address": "::",
  "port": 3000
}
[2025-05-13T12:26:36.819Z] ERROR: Failed to start server:
{
  "code": "EADDRINUSE",
  "errno": -4091,
  "syscall": "listen",
  "address": "::",
  "port": 3000
}
[2025-05-13T12:26:36.845Z] ERROR: Failed to start server:
{
  "code": "EADDRINUSE",
  "errno": -4091,
  "syscall": "listen",
  "address": "::",
  "port": 3000
}
[2025-05-13T12:26:37.741Z] INFO: Starting scheduled database maintenance
[2025-05-13T12:26:37.750Z] INFO: Database tables found:
{
  "tables": [
    "rooms",
    "players"
  ]
}
[2025-05-13T12:26:37.754Z] INFO: Orphaned records cleaned up successfully
[2025-05-13T12:26:37.764Z] INFO: Database stats:
{
  "totalRooms": 0,
  "totalPlayers": 0,
  "activeGames": 0
}
[2025-05-13T12:26:37.766Z] INFO: Database stats:
{
  "totalRooms": 0,
  "totalPlayers": 0,
  "activeGames": 0
}
[2025-05-13T12:26:37.769Z] INFO: Removed old backup:
{
  "file": "game-2025-05-13T12-23-28-720Z.db"
}
[2025-05-13T12:26:52.343Z] INFO: Server running at http://localhost:3000
[2025-05-13T12:26:52.349Z] ERROR: Initial maintenance failed:
{}
[2025-05-13T12:26:53.352Z] INFO: Starting scheduled database maintenance
[2025-05-13T12:26:53.363Z] INFO: Database tables found:
{
  "tables": [
    "rooms",
    "players"
  ]
}
[2025-05-13T12:26:53.367Z] INFO: Orphaned records cleaned up successfully
[2025-05-13T12:26:53.373Z] INFO: Database stats:
{
  "totalRooms": 0,
  "totalPlayers": 0,
  "activeGames": 0
}
[2025-05-13T12:26:53.377Z] INFO: Database stats:
{
  "totalRooms": 0,
  "totalPlayers": 0,
  "activeGames": 0
}
[2025-05-13T12:27:45.269Z] INFO: Server running at http://localhost:3000
[2025-05-13T12:27:45.280Z] ERROR: Initial maintenance failed:
{}
[2025-05-13T12:27:45.312Z] ERROR: Failed to start server:
{
  "code": "EADDRINUSE",
  "errno": -4091,
  "syscall": "listen",
  "address": "::",
  "port": 3000
}
[2025-05-13T12:27:45.316Z] ERROR: Failed to start server:
{
  "code": "EADDRINUSE",
  "errno": -4091,
  "syscall": "listen",
  "address": "::",
  "port": 3000
}
[2025-05-13T12:27:45.332Z] ERROR: Failed to start server:
{
  "code": "EADDRINUSE",
  "errno": -4091,
  "syscall": "listen",
  "address": "::",
  "port": 3000
}
[2025-05-13T12:27:45.333Z] ERROR: Failed to start server:
{
  "code": "EADDRINUSE",
  "errno": -4091,
  "syscall": "listen",
  "address": "::",
  "port": 3000
}
[2025-05-13T12:27:45.369Z] ERROR: Failed to start server:
{
  "code": "EADDRINUSE",
  "errno": -4091,
  "syscall": "listen",
  "address": "::",
  "port": 3000
}
[2025-05-13T12:27:45.407Z] ERROR: Failed to start server:
{
  "code": "EADDRINUSE",
  "errno": -4091,
  "syscall": "listen",
  "address": "::",
  "port": 3000
}
[2025-05-13T12:27:46.271Z] INFO: Starting scheduled database maintenance
[2025-05-13T12:27:46.274Z] INFO: Connected to SQLite database
[2025-05-13T12:27:46.276Z] ERROR: Database health check failed:
{}
[2025-05-13T12:27:46.278Z] ERROR: Database health check failed
[2025-05-13T12:27:46.280Z] ERROR: Failed to get database stats:
{}
[2025-05-13T12:27:46.281Z] ERROR: Error getting database stats:
{}
[2025-05-13T12:27:46.285Z] INFO: Removed old backup:
{
  "file": "game-2025-05-13T12-23-28-741Z.db"
}
[2025-05-13T12:28:06.790Z] INFO: Server running at http://localhost:3000
[2025-05-13T12:28:06.794Z] ERROR: Initial maintenance failed:
{}
[2025-05-13T12:28:07.799Z] INFO: Starting scheduled database maintenance
[2025-05-13T12:28:07.817Z] INFO: Connected to SQLite database
[2025-05-13T12:28:07.822Z] ERROR: Database health check failed:
{}
[2025-05-13T12:28:07.827Z] ERROR: Database health check failed
[2025-05-13T12:28:07.830Z] ERROR: Failed to get database stats:
{}
[2025-05-13T12:28:07.833Z] ERROR: Error getting database stats:
{}
[2025-05-13T12:28:07.839Z] INFO: Removed old backup:
{
  "file": "game-2025-05-13T12-23-44-090Z.db"
}
[2025-05-13T12:29:25.350Z] INFO: Server running at http://localhost:3000
[2025-05-13T12:29:25.355Z] ERROR: Initial maintenance failed:
{}
[2025-05-13T12:29:25.360Z] ERROR: Failed to start server:
{
  "code": "EADDRINUSE",
  "errno": -4091,
  "syscall": "listen",
  "address": "::",
  "port": 3000
}
[2025-05-13T12:29:25.363Z] ERROR: Failed to start server:
{
  "code": "EADDRINUSE",
  "errno": -4091,
  "syscall": "listen",
  "address": "::",
  "port": 3000
}
[2025-05-13T12:29:25.364Z] ERROR: Failed to start server:
{
  "code": "EADDRINUSE",
  "errno": -4091,
  "syscall": "listen",
  "address": "::",
  "port": 3000
}
[2025-05-13T12:29:25.364Z] ERROR: Failed to start server:
{
  "code": "EADDRINUSE",
  "errno": -4091,
  "syscall": "listen",
  "address": "::",
  "port": 3000
}
[2025-05-13T12:29:25.368Z] ERROR: Failed to start server:
{
  "code": "EADDRINUSE",
  "errno": -4091,
  "syscall": "listen",
  "address": "::",
  "port": 3000
}
[2025-05-13T12:29:25.375Z] ERROR: Failed to start server:
{
  "code": "EADDRINUSE",
  "errno": -4091,
  "syscall": "listen",
  "address": "::",
  "port": 3000
}
[2025-05-13T12:29:25.400Z] ERROR: Failed to start server:
{
  "code": "EADDRINUSE",
  "errno": -4091,
  "syscall": "listen",
  "address": "::",
  "port": 3000
}
[2025-05-13T12:29:26.354Z] INFO: Starting scheduled database maintenance
[2025-05-13T12:29:26.363Z] INFO: Connected to SQLite database
[2025-05-13T12:29:26.364Z] ERROR: Database health check failed:
{}
[2025-05-13T12:29:26.365Z] ERROR: Database health check failed
[2025-05-13T12:29:26.366Z] ERROR: Failed to get database stats:
{}
[2025-05-13T12:29:26.368Z] ERROR: Error getting database stats:
{}
[2025-05-13T12:29:27.536Z] ERROR: Failed to start server:
{
  "code": "EADDRINUSE",
  "errno": -4091,
  "syscall": "listen",
  "address": "::",
  "port": 3000
}
[2025-05-13T12:29:27.536Z] INFO: Server running at http://localhost:3000
[2025-05-13T12:29:27.537Z] ERROR: Failed to start server:
{
  "code": "EADDRINUSE",
  "errno": -4091,
  "syscall": "listen",
  "address": "::",
  "port": 3000
}
[2025-05-13T12:29:27.544Z] ERROR: Initial maintenance failed:
{}
[2025-05-13T12:29:27.545Z] ERROR: Failed to start server:
{
  "code": "EADDRINUSE",
  "errno": -4091,
  "syscall": "listen",
  "address": "::",
  "port": 3000
}
[2025-05-13T12:29:27.545Z] ERROR: Failed to start server:
{
  "code": "EADDRINUSE",
  "errno": -4091,
  "syscall": "listen",
  "address": "::",
  "port": 3000
}
[2025-05-13T12:29:27.541Z] ERROR: Failed to start server:
{
  "code": "EADDRINUSE",
  "errno": -4091,
  "syscall": "listen",
  "address": "::",
  "port": 3000
}
[2025-05-13T12:29:27.555Z] ERROR: Failed to start server:
{
  "code": "EADDRINUSE",
  "errno": -4091,
  "syscall": "listen",
  "address": "::",
  "port": 3000
}
[2025-05-13T12:29:27.561Z] ERROR: Failed to start server:
{
  "code": "EADDRINUSE",
  "errno": -4091,
  "syscall": "listen",
  "address": "::",
  "port": 3000
}
[2025-05-13T12:29:28.546Z] INFO: Starting scheduled database maintenance
[2025-05-13T12:29:28.556Z] INFO: Connected to SQLite database
[2025-05-13T12:29:28.557Z] ERROR: Database health check failed:
{}
[2025-05-13T12:29:28.558Z] ERROR: Database health check failed
[2025-05-13T12:29:28.559Z] ERROR: Failed to get database stats:
{}
[2025-05-13T12:29:28.561Z] ERROR: Error getting database stats:
{}
[2025-05-13T12:29:28.567Z] INFO: Removed old backup:
{
  "file": "game-2025-05-13T12-24-08-421Z.db"
}
[2025-05-13T12:29:30.894Z] INFO: Server running at http://localhost:3000
[2025-05-13T12:29:30.909Z] ERROR: Initial maintenance failed:
{}
[2025-05-13T12:29:30.912Z] ERROR: Failed to start server:
{
  "code": "EADDRINUSE",
  "errno": -4091,
  "syscall": "listen",
  "address": "::",
  "port": 3000
}
[2025-05-13T12:29:30.913Z] ERROR: Failed to start server:
{
  "code": "EADDRINUSE",
  "errno": -4091,
  "syscall": "listen",
  "address": "::",
  "port": 3000
}
[2025-05-13T12:29:30.917Z] ERROR: Failed to start server:
{
  "code": "EADDRINUSE",
  "errno": -4091,
  "syscall": "listen",
  "address": "::",
  "port": 3000
}
[2025-05-13T12:29:30.941Z] ERROR: Failed to start server:
{
  "code": "EADDRINUSE",
  "errno": -4091,
  "syscall": "listen",
  "address": "::",
  "port": 3000
}
[2025-05-13T12:29:30.956Z] ERROR: Failed to start server:
{
  "code": "EADDRINUSE",
  "errno": -4091,
  "syscall": "listen",
  "address": "::",
  "port": 3000
}
[2025-05-13T12:29:30.972Z] ERROR: Failed to start server:
{
  "code": "EADDRINUSE",
  "errno": -4091,
  "syscall": "listen",
  "address": "::",
  "port": 3000
}
[2025-05-13T12:29:30.992Z] ERROR: Failed to start server:
{
  "code": "EADDRINUSE",
  "errno": -4091,
  "syscall": "listen",
  "address": "::",
  "port": 3000
}
[2025-05-13T12:29:31.909Z] INFO: Starting scheduled database maintenance
[2025-05-13T12:29:31.923Z] INFO: Connected to SQLite database
[2025-05-13T12:29:31.925Z] ERROR: Database health check failed:
{}
[2025-05-13T12:29:31.927Z] ERROR: Database health check failed
[2025-05-13T12:29:31.928Z] ERROR: Failed to get database stats:
{}
[2025-05-13T12:29:31.930Z] ERROR: Error getting database stats:
{}
[2025-05-13T12:30:19.475Z] INFO: Server running at http://localhost:3000
[2025-05-13T12:30:19.480Z] ERROR: Initial maintenance failed:
{}
[2025-05-13T12:30:20.485Z] INFO: Starting scheduled database maintenance
[2025-05-13T12:30:20.496Z] INFO: Connected to SQLite database
[2025-05-13T12:30:20.500Z] ERROR: Database health check failed:
{}
[2025-05-13T12:30:20.502Z] ERROR: Database health check failed
[2025-05-13T12:30:20.504Z] ERROR: Failed to get database stats:
{}
[2025-05-13T12:30:20.505Z] ERROR: Error getting database stats:
{}
[2025-05-13T12:30:20.522Z] INFO: Removed old backup:
{
  "file": "game-2025-05-13T12-24-33-476Z.db"
}
[2025-05-13T12:31:55.157Z] INFO: Server running at http://localhost:3000
[2025-05-13T12:31:55.160Z] ERROR: Initial maintenance failed:
{}
[2025-05-13T12:31:56.198Z] INFO: Starting scheduled database maintenance
[2025-05-13T12:31:56.217Z] INFO: Connected to SQLite database
[2025-05-13T12:31:56.218Z] ERROR: Database health check failed:
{}
[2025-05-13T12:31:56.219Z] ERROR: Database health check failed
[2025-05-13T12:31:56.221Z] ERROR: Failed to get database stats:
{}
[2025-05-13T12:31:56.222Z] ERROR: Error getting database stats:
{}
[2025-05-13T12:31:56.224Z] ERROR: Backup failed:
{}
[2025-05-13T12:31:56.225Z] INFO: Maintenance complete
[2025-05-13T12:33:56.724Z] INFO: Server running at http://localhost:3000
[2025-05-13T12:33:56.727Z] ERROR: Initial maintenance failed:
{}
[2025-05-13T12:33:57.730Z] INFO: Starting scheduled database maintenance
[2025-05-13T12:33:57.734Z] ERROR: Error checking database health:
{}
[2025-05-13T12:33:57.737Z] ERROR: Error getting database stats:
{}
[2025-05-13T12:33:57.738Z] ERROR: Backup failed:
{}
[2025-05-13T12:33:57.741Z] INFO: Maintenance complete
[2025-05-13T12:34:13.163Z] INFO: Server running at http://localhost:3000
[2025-05-13T12:34:13.166Z] ERROR: Initial maintenance failed:
{}
[2025-05-13T12:34:14.165Z] INFO: Starting scheduled database maintenance
[2025-05-13T12:34:14.171Z] ERROR: Error checking database health:
{}
[2025-05-13T12:34:14.172Z] ERROR: Error getting database stats:
{}
[2025-05-13T12:34:14.173Z] ERROR: Backup failed:
{}
[2025-05-13T12:34:14.174Z] INFO: Maintenance complete
[2025-05-13T12:34:29.588Z] INFO: Server running at http://localhost:3000
[2025-05-13T12:34:29.591Z] ERROR: Initial maintenance failed:
{}
[2025-05-13T12:34:30.589Z] INFO: Starting scheduled database maintenance
[2025-05-13T12:34:30.590Z] ERROR: Error checking database health:
{}
[2025-05-13T12:34:30.590Z] ERROR: Error getting database stats:
{}
[2025-05-13T12:34:30.591Z] ERROR: Backup failed:
{}
[2025-05-13T12:34:30.591Z] INFO: Maintenance complete
[2025-05-13T12:35:26.780Z] INFO: Server running at http://localhost:3000
[2025-05-13T12:36:37.198Z] INFO: Client connected:
{
  "socketId": "h6mdYm3qUWsoMcZvAAAB"
}
[2025-05-13T12:36:42.998Z] INFO: Connected to SQLite database
[2025-05-13T12:36:43.002Z] DEBUG: Creating new room:
{
  "roomId": "14RMNX"
}
[2025-05-13T12:36:43.016Z] INFO: Room created successfully:
{
  "roomId": "14RMNX"
}
[2025-05-13T12:36:43.018Z] DEBUG: Adding new player:
{
  "socketId": "h6mdYm3qUWsoMcZvAAAB",
  "username": "jh",
  "roomId": "14RMNX",
  "symbol": "X"
}
[2025-05-13T12:36:43.032Z] INFO: Player added successfully:
{
  "username": "jh",
  "roomId": "14RMNX"
}
[2025-05-13T12:36:52.605Z] INFO: Client connected:
{
  "socketId": "xgj0Mmg3D1vM9kAQAAAD"
}
[2025-05-13T12:37:07.429Z] DEBUG: Fetching room details:
{
  "roomId": "14RMNX"
}
[2025-05-13T12:37:07.435Z] DEBUG: Room details retrieved:
{
  "roomId": "14RMNX",
  "playerCount": 1
}
[2025-05-13T12:37:07.437Z] DEBUG: Adding new player:
{
  "socketId": "xgj0Mmg3D1vM9kAQAAAD",
  "username": "dsvkjb",
  "roomId": "14RMNX",
  "symbol": "O"
}
[2025-05-13T12:37:07.469Z] INFO: Player added successfully:
{
  "username": "dsvkjb",
  "roomId": "14RMNX"
}
[2025-05-13T12:41:05.889Z] INFO: Server running at http://localhost:3000
[2025-05-13T12:41:05.941Z] INFO: Client connected:
{
  "socketId": "SFNOOaKi8NMn2OCzAAAC"
}
[2025-05-13T12:41:05.944Z] INFO: Client connected:
{
  "socketId": "FyxRmIuXRg_UGPoZAAAD"
}
[2025-05-13T12:41:08.224Z] INFO: Client connected:
{
  "socketId": "_whwzhHYO564SaRSAAAF"
}
[2025-05-13T12:41:18.485Z] INFO: Connected to SQLite database
[2025-05-13T12:41:18.488Z] DEBUG: Creating new room:
{
  "roomId": "LDA61Z"
}
[2025-05-13T12:41:18.506Z] INFO: Room created successfully:
{
  "roomId": "LDA61Z"
}
[2025-05-13T12:41:18.508Z] DEBUG: Adding new player:
{
  "socketId": "_whwzhHYO564SaRSAAAF",
  "username": "ramya",
  "roomId": "LDA61Z",
  "symbol": "X"
}
[2025-05-13T12:41:18.525Z] INFO: Player added successfully:
{
  "username": "ramya",
  "roomId": "LDA61Z"
}
[2025-05-13T12:41:27.981Z] INFO: Client connected:
{
  "socketId": "3XQinpbB8Wa2m46KAAAH"
}
[2025-05-13T12:41:36.096Z] DEBUG: Fetching room details:
{
  "roomId": " LDA61Z"
}
[2025-05-13T12:41:36.100Z] DEBUG: Room details retrieved:
{
  "roomId": " LDA61Z",
  "playerCount": 0
}
[2025-05-13T12:41:40.564Z] DEBUG: Fetching room details:
{
  "roomId": "LDA61Z"
}
[2025-05-13T12:41:40.566Z] DEBUG: Room details retrieved:
{
  "roomId": "LDA61Z",
  "playerCount": 1
}
[2025-05-13T12:41:40.568Z] DEBUG: Adding new player:
{
  "socketId": "3XQinpbB8Wa2m46KAAAH",
  "username": "praveen",
  "roomId": "LDA61Z",
  "symbol": "O"
}
[2025-05-13T12:41:40.580Z] INFO: Player added successfully:
{
  "username": "praveen",
  "roomId": "LDA61Z"
}
[2025-05-13T13:25:53.838Z] INFO: Client disconnected:
{
  "socketId": "3XQinpbB8Wa2m46KAAAH"
}
[2025-05-13T13:25:53.844Z] DEBUG: Removing player:
{
  "socketId": "3XQinpbB8Wa2m46KAAAH"
}
[2025-05-13T13:25:53.861Z] INFO: Player removed successfully:
{
  "socketId": "3XQinpbB8Wa2m46KAAAH"
}
[2025-05-13T13:25:53.867Z] DEBUG: Checking room for cleanup:
{
  "roomId": "LDA61Z"
}
[2025-05-13T13:25:53.889Z] DEBUG: Room still has players, keeping:
{
  "roomId": "LDA61Z",
  "playerCount": 1
}
[2025-05-13T13:25:55.082Z] INFO: Client connected:
{
  "socketId": "kj2M-IIL1nbuh0TsAAAJ"
}
[2025-05-13T16:03:31.854Z] INFO: Client disconnected:
{
  "socketId": "FyxRmIuXRg_UGPoZAAAD"
}
[2025-05-13T16:03:31.856Z] DEBUG: Removing player:
{
  "socketId": "FyxRmIuXRg_UGPoZAAAD"
}
[2025-05-13T16:03:31.857Z] INFO: Player removed successfully:
{
  "socketId": "FyxRmIuXRg_UGPoZAAAD"
}
[2025-05-13T16:03:33.109Z] INFO: Client connected:
{
  "socketId": "cKXr8vOvMRDAQLwlAAAL"
}
[2025-05-13T18:33:28.305Z] INFO: Client disconnected:
{
  "socketId": "_whwzhHYO564SaRSAAAF"
}
[2025-05-13T18:33:28.311Z] DEBUG: Removing player:
{
  "socketId": "_whwzhHYO564SaRSAAAF"
}
[2025-05-13T18:33:28.421Z] INFO: Player removed successfully:
{
  "socketId": "_whwzhHYO564SaRSAAAF"
}
[2025-05-13T18:33:28.437Z] DEBUG: Checking room for cleanup:
{
  "roomId": "LDA61Z"
}
[2025-05-13T18:33:28.514Z] DEBUG: Room is empty, deleting:
{
  "roomId": "LDA61Z"
}
[2025-05-13T18:33:28.590Z] INFO: Client disconnected:
{
  "socketId": "kj2M-IIL1nbuh0TsAAAJ"
}
[2025-05-13T18:33:28.591Z] DEBUG: Removing player:
{
  "socketId": "kj2M-IIL1nbuh0TsAAAJ"
}
[2025-05-13T18:33:28.596Z] INFO: Room deleted successfully:
{
  "roomId": "LDA61Z"
}
[2025-05-13T18:33:28.598Z] INFO: Player removed successfully:
{
  "socketId": "kj2M-IIL1nbuh0TsAAAJ"
}
[2025-05-13T18:33:28.605Z] INFO: Client disconnected:
{
  "socketId": "SFNOOaKi8NMn2OCzAAAC"
}
[2025-05-13T18:33:28.606Z] DEBUG: Removing player:
{
  "socketId": "SFNOOaKi8NMn2OCzAAAC"
}
[2025-05-13T18:33:28.608Z] INFO: Player removed successfully:
{
  "socketId": "SFNOOaKi8NMn2OCzAAAC"
}
[2025-05-13T18:33:29.536Z] INFO: Client connected:
{
  "socketId": "qPwqYa8gXQPb07IwAAAN"
}
[2025-05-13T18:33:30.022Z] INFO: Client connected:
{
  "socketId": "ktpSyiKO1bnvdz4UAAAP"
}
[2025-05-13T18:33:30.248Z] INFO: Client connected:
{
  "socketId": "XBJNBYcE3Yp8UrqvAAAR"
}
[2025-05-13T18:41:01.514Z] INFO: Client disconnected:
{
  "socketId": "XBJNBYcE3Yp8UrqvAAAR"
}
[2025-05-13T18:41:01.613Z] DEBUG: Removing player:
{
  "socketId": "XBJNBYcE3Yp8UrqvAAAR"
}
[2025-05-13T18:41:01.769Z] INFO: Client disconnected:
{
  "socketId": "qPwqYa8gXQPb07IwAAAN"
}
[2025-05-13T18:41:01.898Z] DEBUG: Removing player:
{
  "socketId": "qPwqYa8gXQPb07IwAAAN"
}
[2025-05-13T18:41:02.037Z] INFO: Client disconnected:
{
  "socketId": "ktpSyiKO1bnvdz4UAAAP"
}
[2025-05-13T18:41:02.220Z] DEBUG: Removing player:
{
  "socketId": "ktpSyiKO1bnvdz4UAAAP"
}
[2025-05-13T18:41:02.331Z] INFO: Player removed successfully:
{
  "socketId": "XBJNBYcE3Yp8UrqvAAAR"
}
[2025-05-13T18:41:02.518Z] INFO: Player removed successfully:
{
  "socketId": "qPwqYa8gXQPb07IwAAAN"
}
[2025-05-13T18:41:02.634Z] INFO: Player removed successfully:
{
  "socketId": "ktpSyiKO1bnvdz4UAAAP"
}
[2025-05-13T18:41:04.031Z] INFO: Client connected:
{
  "socketId": "uVhLPn6OiAZCyPRKAAAV"
}
[2025-05-13T18:41:04.034Z] INFO: Client connected:
{
  "socketId": "PKVQ3iFPfZtDVVyWAAAW"
}
[2025-05-13T18:41:04.039Z] INFO: Client connected:
{
  "socketId": "ZEOqcxbQ-R8-ymSTAAAX"
}
[2025-05-13T19:45:53.917Z] INFO: Client disconnected:
{
  "socketId": "PKVQ3iFPfZtDVVyWAAAW"
}
[2025-05-13T19:45:53.918Z] DEBUG: Removing player:
{
  "socketId": "PKVQ3iFPfZtDVVyWAAAW"
}
[2025-05-13T19:45:53.920Z] INFO: Player removed successfully:
{
  "socketId": "PKVQ3iFPfZtDVVyWAAAW"
}
[2025-05-13T19:45:53.924Z] INFO: Client disconnected:
{
  "socketId": "cKXr8vOvMRDAQLwlAAAL"
}
[2025-05-13T19:45:53.925Z] DEBUG: Removing player:
{
  "socketId": "cKXr8vOvMRDAQLwlAAAL"
}
[2025-05-13T19:45:53.927Z] INFO: Player removed successfully:
{
  "socketId": "cKXr8vOvMRDAQLwlAAAL"
}
[2025-05-13T19:45:53.932Z] INFO: Client disconnected:
{
  "socketId": "uVhLPn6OiAZCyPRKAAAV"
}
[2025-05-13T19:45:53.935Z] DEBUG: Removing player:
{
  "socketId": "uVhLPn6OiAZCyPRKAAAV"
}
[2025-05-13T19:45:53.939Z] INFO: Player removed successfully:
{
  "socketId": "uVhLPn6OiAZCyPRKAAAV"
}
[2025-05-13T19:45:54.005Z] INFO: Client disconnected:
{
  "socketId": "ZEOqcxbQ-R8-ymSTAAAX"
}
[2025-05-13T19:45:54.006Z] DEBUG: Removing player:
{
  "socketId": "ZEOqcxbQ-R8-ymSTAAAX"
}
[2025-05-13T19:45:54.008Z] INFO: Player removed successfully:
{
  "socketId": "ZEOqcxbQ-R8-ymSTAAAX"
}
[2025-05-13T19:45:54.978Z] INFO: Client connected:
{
  "socketId": "zcX_4GZQrglUlWU2AAAZ"
}
[2025-05-13T19:45:55.007Z] INFO: Client connected:
{
  "socketId": "Ngr9UnBmKXCqsG2EAAAb"
}
[2025-05-13T19:45:55.051Z] INFO: Client connected:
{
  "socketId": "1YAine3jugDTLzLeAAAd"
}
[2025-05-13T19:45:55.386Z] INFO: Client connected:
{
  "socketId": "xkvGLP4wxxc0CaX-AAAf"
}
[2025-05-14T01:51:35.866Z] INFO: Client disconnected:
{
  "socketId": "1YAine3jugDTLzLeAAAd"
}
[2025-05-14T01:51:35.869Z] DEBUG: Removing player:
{
  "socketId": "1YAine3jugDTLzLeAAAd"
}
[2025-05-14T01:51:35.872Z] INFO: Player removed successfully:
{
  "socketId": "1YAine3jugDTLzLeAAAd"
}
[2025-05-14T01:51:35.954Z] INFO: Client disconnected:
{
  "socketId": "zcX_4GZQrglUlWU2AAAZ"
}
[2025-05-14T01:51:35.956Z] DEBUG: Removing player:
{
  "socketId": "zcX_4GZQrglUlWU2AAAZ"
}
[2025-05-14T01:51:35.958Z] INFO: Player removed successfully:
{
  "socketId": "zcX_4GZQrglUlWU2AAAZ"
}
[2025-05-14T01:51:36.038Z] INFO: Client disconnected:
{
  "socketId": "xkvGLP4wxxc0CaX-AAAf"
}
[2025-05-14T01:51:36.039Z] DEBUG: Removing player:
{
  "socketId": "xkvGLP4wxxc0CaX-AAAf"
}
[2025-05-14T01:51:36.041Z] INFO: Player removed successfully:
{
  "socketId": "xkvGLP4wxxc0CaX-AAAf"
}
[2025-05-14T01:51:37.158Z] INFO: Client connected:
{
  "socketId": "W1gLpNqgYJtgcs7GAAAi"
}
[2025-05-14T01:51:37.163Z] INFO: Client connected:
{
  "socketId": "attgCFAgYgcu1X4pAAAj"
}
[2025-05-14T01:51:37.204Z] INFO: Client connected:
{
  "socketId": "R_GD3ZRFnrHNY80SAAAl"
}
[2025-05-14T05:23:14.442Z] INFO: Client disconnected:
{
  "socketId": "R_GD3ZRFnrHNY80SAAAl"
}
[2025-05-14T05:23:14.649Z] DEBUG: Removing player:
{
  "socketId": "R_GD3ZRFnrHNY80SAAAl"
}
[2025-05-14T05:23:15.053Z] INFO: Player removed successfully:
{
  "socketId": "R_GD3ZRFnrHNY80SAAAl"
}
[2025-05-14T05:23:15.116Z] INFO: Client disconnected:
{
  "socketId": "Ngr9UnBmKXCqsG2EAAAb"
}
[2025-05-14T05:23:15.175Z] DEBUG: Removing player:
{
  "socketId": "Ngr9UnBmKXCqsG2EAAAb"
}
[2025-05-14T05:23:15.249Z] INFO: Player removed successfully:
{
  "socketId": "Ngr9UnBmKXCqsG2EAAAb"
}
[2025-05-14T05:23:16.540Z] INFO: Client connected:
{
  "socketId": "D5M3Me5onE2j0K9wAAAo"
}
[2025-05-14T05:23:16.541Z] INFO: Client connected:
{
  "socketId": "wKWjlKmJWOK4JakwAAAp"
}
[2025-05-14T06:52:59.644Z] INFO: Client disconnected:
{
  "socketId": "wKWjlKmJWOK4JakwAAAp"
}
[2025-05-14T06:52:59.647Z] DEBUG: Removing player:
{
  "socketId": "wKWjlKmJWOK4JakwAAAp"
}
[2025-05-14T06:52:59.650Z] INFO: Player removed successfully:
{
  "socketId": "wKWjlKmJWOK4JakwAAAp"
}
[2025-05-14T06:53:00.771Z] INFO: Client connected:
{
  "socketId": "y2gSuyWBd8ZQdzBrAAAr"
}
[2025-05-14T11:55:20.489Z] INFO: Client disconnected:
{
  "socketId": "W1gLpNqgYJtgcs7GAAAi"
}
[2025-05-14T11:55:20.490Z] DEBUG: Removing player:
{
  "socketId": "W1gLpNqgYJtgcs7GAAAi"
}
[2025-05-14T11:55:20.493Z] INFO: Player removed successfully:
{
  "socketId": "W1gLpNqgYJtgcs7GAAAi"
}
[2025-05-14T11:55:20.509Z] INFO: Client disconnected:
{
  "socketId": "y2gSuyWBd8ZQdzBrAAAr"
}
[2025-05-14T11:55:20.510Z] DEBUG: Removing player:
{
  "socketId": "y2gSuyWBd8ZQdzBrAAAr"
}
[2025-05-14T11:55:20.512Z] INFO: Player removed successfully:
{
  "socketId": "y2gSuyWBd8ZQdzBrAAAr"
}
[2025-05-14T11:55:21.491Z] INFO: Client connected:
{
  "socketId": "2QF2_eoe677SeCNSAAAt"
}
[2025-05-14T11:55:21.826Z] INFO: Client connected:
{
  "socketId": "qudsjQXzFpTFgCFmAAAv"
}
[2025-05-14T18:26:49.520Z] INFO: Client disconnected:
{
  "socketId": "2QF2_eoe677SeCNSAAAt"
}
[2025-05-14T18:26:50.007Z] DEBUG: Removing player:
{
  "socketId": "2QF2_eoe677SeCNSAAAt"
}
[2025-05-14T18:26:50.010Z] INFO: Client disconnected:
{
  "socketId": "qudsjQXzFpTFgCFmAAAv"
}
[2025-05-14T18:26:50.015Z] DEBUG: Removing player:
{
  "socketId": "qudsjQXzFpTFgCFmAAAv"
}
[2025-05-14T18:26:50.223Z] INFO: Player removed successfully:
{
  "socketId": "2QF2_eoe677SeCNSAAAt"
}
[2025-05-14T18:26:50.270Z] INFO: Client disconnected:
{
  "socketId": "D5M3Me5onE2j0K9wAAAo"
}
[2025-05-14T18:26:50.369Z] DEBUG: Removing player:
{
  "socketId": "D5M3Me5onE2j0K9wAAAo"
}
[2025-05-14T18:26:50.393Z] INFO: Player removed successfully:
{
  "socketId": "qudsjQXzFpTFgCFmAAAv"
}
[2025-05-14T18:26:50.476Z] INFO: Player removed successfully:
{
  "socketId": "D5M3Me5onE2j0K9wAAAo"
}
[2025-05-14T18:26:52.170Z] INFO: Client connected:
{
  "socketId": "zjBNxY6zrwxFDB-DAAAz"
}
[2025-05-14T18:26:52.174Z] INFO: Client connected:
{
  "socketId": "Ae_-knSXh_jwZaRuAAA0"
}
[2025-05-14T18:26:52.188Z] INFO: Client connected:
{
  "socketId": "RI6Ixo3DWETosP2lAAA1"
}
[2025-05-15T00:41:10.276Z] INFO: Client disconnected:
{
  "socketId": "zjBNxY6zrwxFDB-DAAAz"
}
[2025-05-15T00:41:10.277Z] DEBUG: Removing player:
{
  "socketId": "zjBNxY6zrwxFDB-DAAAz"
}
[2025-05-15T00:41:10.279Z] INFO: Player removed successfully:
{
  "socketId": "zjBNxY6zrwxFDB-DAAAz"
}
[2025-05-15T00:41:11.313Z] INFO: Client connected:
{
  "socketId": "L2S7om9yaztfaYu5AAA3"
}
[2025-05-15T14:28:37.452Z] INFO: Client disconnected:
{
  "socketId": "RI6Ixo3DWETosP2lAAA1"
}
[2025-05-15T14:28:37.453Z] DEBUG: Removing player:
{
  "socketId": "RI6Ixo3DWETosP2lAAA1"
}
[2025-05-15T14:28:37.454Z] INFO: Player removed successfully:
{
  "socketId": "RI6Ixo3DWETosP2lAAA1"
}
[2025-05-15T14:28:37.487Z] INFO: Client disconnected:
{
  "socketId": "Ae_-knSXh_jwZaRuAAA0"
}
[2025-05-15T14:28:37.488Z] DEBUG: Removing player:
{
  "socketId": "Ae_-knSXh_jwZaRuAAA0"
}
[2025-05-15T14:28:37.489Z] INFO: Player removed successfully:
{
  "socketId": "Ae_-knSXh_jwZaRuAAA0"
}
[2025-05-15T14:28:37.548Z] INFO: Client disconnected:
{
  "socketId": "attgCFAgYgcu1X4pAAAj"
}
[2025-05-15T14:28:37.549Z] DEBUG: Removing player:
{
  "socketId": "attgCFAgYgcu1X4pAAAj"
}
[2025-05-15T14:28:37.550Z] INFO: Player removed successfully:
{
  "socketId": "attgCFAgYgcu1X4pAAAj"
}
[2025-05-15T14:28:37.577Z] INFO: Client disconnected:
{
  "socketId": "L2S7om9yaztfaYu5AAA3"
}
[2025-05-15T14:28:37.578Z] DEBUG: Removing player:
{
  "socketId": "L2S7om9yaztfaYu5AAA3"
}
[2025-05-15T14:28:37.579Z] INFO: Player removed successfully:
{
  "socketId": "L2S7om9yaztfaYu5AAA3"
}
[2025-05-16T06:14:47.368Z] INFO: Server running at http://localhost:3000
[2025-05-16T06:14:49.806Z] INFO: Client connected:
{
  "socketId": "8yYz855cvr5Aec25AAAB"
}
[2025-05-16T06:15:04.439Z] INFO: Client connected:
{
  "socketId": "-wHosqfCxYf-TA71AAAD"
}
[2025-05-16T06:15:08.579Z] INFO: Client connected:
{
  "socketId": "7w-W7AYnCbpU7rXJAAAF"
}
[2025-05-16T06:15:10.432Z] INFO: Client connected:
{
  "socketId": "73Qsx-zfSoCEJdbgAAAH"
}
[2025-05-16T06:15:12.217Z] INFO: Client connected:
{
  "socketId": "OcFP_piUouzaog7aAAAJ"
}
[2025-05-16T06:15:13.589Z] INFO: Client connected:
{
  "socketId": "QAp1w6NTCQMXCYndAAAL"
}
[2025-05-16T06:15:15.939Z] INFO: Client connected:
{
  "socketId": "qXmYW15aarqHYAggAAAN"
}
[2025-05-16T06:15:17.445Z] INFO: Client connected:
{
  "socketId": "tp3rjh38noITAloVAAAP"
}
[2025-05-16T06:15:19.535Z] INFO: Client connected:
{
  "socketId": "1xieRLt6UZ7epoSgAAAR"
}
[2025-05-16T06:15:20.930Z] INFO: Client connected:
{
  "socketId": "XcnCCJiN5f8vDWW-AAAT"
}
[2025-05-16T06:15:22.603Z] INFO: Client connected:
{
  "socketId": "x9W2fb-32F-l6K6LAAAV"
}
[2025-05-16T06:15:24.152Z] INFO: Client connected:
{
  "socketId": "IsFbuhFba7xVbW_KAAAX"
}
[2025-05-16T06:15:25.401Z] INFO: Client connected:
{
  "socketId": "30JqqTS5KJiUWzv2AAAZ"
}
[2025-05-16T06:15:26.480Z] INFO: Client connected:
{
  "socketId": "4AIAo-rkHOvUxCzkAAAb"
}
[2025-05-16T06:15:28.411Z] INFO: Client connected:
{
  "socketId": "VV9cvst4nb3wFvxwAAAd"
}
[2025-05-16T06:15:36.422Z] INFO: Connected to SQLite database
[2025-05-16T06:15:36.426Z] DEBUG: Creating new room:
{
  "roomId": "5UJP9K"
}
[2025-05-16T06:15:36.441Z] INFO: Room created successfully:
{
  "roomId": "5UJP9K"
}
[2025-05-16T06:15:36.444Z] DEBUG: Adding new player:
{
  "socketId": "8yYz855cvr5Aec25AAAB",
  "username": "mm",
  "roomId": "5UJP9K",
  "symbol": "X"
}
[2025-05-16T06:15:36.460Z] INFO: Player added successfully:
{
  "username": "mm",
  "roomId": "5UJP9K"
}
[2025-05-16T06:15:45.545Z] DEBUG: Fetching room details:
{
  "roomId": "5UJP9K"
}
[2025-05-16T06:15:45.556Z] DEBUG: Room details retrieved:
{
  "roomId": "5UJP9K",
  "playerCount": 1
}
[2025-05-16T06:15:45.563Z] DEBUG: Adding new player:
{
  "socketId": "x9W2fb-32F-l6K6LAAAV",
  "username": "sn",
  "roomId": "5UJP9K",
  "symbol": "O"
}
[2025-05-16T06:15:45.581Z] INFO: Player added successfully:
{
  "username": "sn",
  "roomId": "5UJP9K"
}
[2025-05-16T06:16:23.223Z] INFO: Client disconnected:
{
  "socketId": "OcFP_piUouzaog7aAAAJ"
}
[2025-05-16T06:16:23.224Z] DEBUG: Removing player:
{
  "socketId": "OcFP_piUouzaog7aAAAJ"
}
[2025-05-16T06:16:23.225Z] INFO: Player removed successfully:
{
  "socketId": "OcFP_piUouzaog7aAAAJ"
}
[2025-05-16T06:16:23.741Z] INFO: Client disconnected:
{
  "socketId": "1xieRLt6UZ7epoSgAAAR"
}
[2025-05-16T06:16:23.742Z] DEBUG: Removing player:
{
  "socketId": "1xieRLt6UZ7epoSgAAAR"
}
[2025-05-16T06:16:23.743Z] INFO: Player removed successfully:
{
  "socketId": "1xieRLt6UZ7epoSgAAAR"
}
[2025-05-16T06:16:23.753Z] INFO: Client disconnected:
{
  "socketId": "QAp1w6NTCQMXCYndAAAL"
}
[2025-05-16T06:16:23.758Z] DEBUG: Removing player:
{
  "socketId": "QAp1w6NTCQMXCYndAAAL"
}
[2025-05-16T06:16:23.761Z] INFO: Player removed successfully:
{
  "socketId": "QAp1w6NTCQMXCYndAAAL"
}
[2025-05-16T06:16:23.788Z] INFO: Client disconnected:
{
  "socketId": "qXmYW15aarqHYAggAAAN"
}
[2025-05-16T06:16:23.789Z] DEBUG: Removing player:
{
  "socketId": "qXmYW15aarqHYAggAAAN"
}
[2025-05-16T06:16:23.790Z] INFO: Player removed successfully:
{
  "socketId": "qXmYW15aarqHYAggAAAN"
}
[2025-05-16T06:16:23.794Z] INFO: Client disconnected:
{
  "socketId": "XcnCCJiN5f8vDWW-AAAT"
}
[2025-05-16T06:16:23.794Z] DEBUG: Removing player:
{
  "socketId": "XcnCCJiN5f8vDWW-AAAT"
}
[2025-05-16T06:16:23.795Z] INFO: Player removed successfully:
{
  "socketId": "XcnCCJiN5f8vDWW-AAAT"
}
[2025-05-16T06:16:23.807Z] INFO: Client disconnected:
{
  "socketId": "tp3rjh38noITAloVAAAP"
}
[2025-05-16T06:16:23.808Z] DEBUG: Removing player:
{
  "socketId": "tp3rjh38noITAloVAAAP"
}
[2025-05-16T06:16:23.810Z] INFO: Player removed successfully:
{
  "socketId": "tp3rjh38noITAloVAAAP"
}
[2025-05-16T06:16:23.908Z] INFO: Client disconnected:
{
  "socketId": "4AIAo-rkHOvUxCzkAAAb"
}
[2025-05-16T06:16:23.909Z] DEBUG: Removing player:
{
  "socketId": "4AIAo-rkHOvUxCzkAAAb"
}
[2025-05-16T06:16:23.910Z] INFO: Player removed successfully:
{
  "socketId": "4AIAo-rkHOvUxCzkAAAb"
}
[2025-05-16T06:16:23.943Z] INFO: Client disconnected:
{
  "socketId": "VV9cvst4nb3wFvxwAAAd"
}
[2025-05-16T06:16:23.944Z] DEBUG: Removing player:
{
  "socketId": "VV9cvst4nb3wFvxwAAAd"
}
[2025-05-16T06:16:23.945Z] INFO: Client disconnected:
{
  "socketId": "x9W2fb-32F-l6K6LAAAV"
}
[2025-05-16T06:16:23.946Z] DEBUG: Removing player:
{
  "socketId": "x9W2fb-32F-l6K6LAAAV"
}
[2025-05-16T06:16:23.947Z] INFO: Player removed successfully:
{
  "socketId": "VV9cvst4nb3wFvxwAAAd"
}
[2025-05-16T06:16:23.952Z] INFO: Client disconnected:
{
  "socketId": "IsFbuhFba7xVbW_KAAAX"
}
[2025-05-16T06:16:23.953Z] DEBUG: Removing player:
{
  "socketId": "IsFbuhFba7xVbW_KAAAX"
}
[2025-05-16T06:16:23.956Z] INFO: Player removed successfully:
{
  "socketId": "x9W2fb-32F-l6K6LAAAV"
}
[2025-05-16T06:16:23.957Z] DEBUG: Checking room for cleanup:
{
  "roomId": "5UJP9K"
}
[2025-05-16T06:16:23.959Z] INFO: Player removed successfully:
{
  "socketId": "IsFbuhFba7xVbW_KAAAX"
}
[2025-05-16T06:16:23.959Z] DEBUG: Room still has players, keeping:
{
  "roomId": "5UJP9K",
  "playerCount": 1
}
[2025-05-16T06:16:23.988Z] INFO: Client disconnected:
{
  "socketId": "30JqqTS5KJiUWzv2AAAZ"
}
[2025-05-16T06:16:23.989Z] DEBUG: Removing player:
{
  "socketId": "30JqqTS5KJiUWzv2AAAZ"
}
[2025-05-16T06:16:23.989Z] INFO: Player removed successfully:
{
  "socketId": "30JqqTS5KJiUWzv2AAAZ"
}
[2025-05-16T06:16:24.085Z] INFO: Client disconnected:
{
  "socketId": "73Qsx-zfSoCEJdbgAAAH"
}
[2025-05-16T06:16:24.086Z] DEBUG: Removing player:
{
  "socketId": "73Qsx-zfSoCEJdbgAAAH"
}
[2025-05-16T06:16:24.087Z] INFO: Player removed successfully:
{
  "socketId": "73Qsx-zfSoCEJdbgAAAH"
}
[2025-05-16T06:16:24.678Z] INFO: Client disconnected:
{
  "socketId": "7w-W7AYnCbpU7rXJAAAF"
}
[2025-05-16T06:16:24.679Z] DEBUG: Removing player:
{
  "socketId": "7w-W7AYnCbpU7rXJAAAF"
}
[2025-05-16T06:16:24.681Z] INFO: Player removed successfully:
{
  "socketId": "7w-W7AYnCbpU7rXJAAAF"
}
[2025-05-16T06:16:25.077Z] INFO: Client disconnected:
{
  "socketId": "-wHosqfCxYf-TA71AAAD"
}
[2025-05-16T06:16:25.078Z] DEBUG: Removing player:
{
  "socketId": "-wHosqfCxYf-TA71AAAD"
}
[2025-05-16T06:16:25.080Z] INFO: Player removed successfully:
{
  "socketId": "-wHosqfCxYf-TA71AAAD"
}
[2025-05-16T06:16:26.109Z] INFO: Client disconnected:
{
  "socketId": "8yYz855cvr5Aec25AAAB"
}
[2025-05-16T06:16:26.110Z] DEBUG: Removing player:
{
  "socketId": "8yYz855cvr5Aec25AAAB"
}
[2025-05-16T06:16:26.120Z] INFO: Player removed successfully:
{
  "socketId": "8yYz855cvr5Aec25AAAB"
}
[2025-05-16T06:16:26.121Z] DEBUG: Checking room for cleanup:
{
  "roomId": "5UJP9K"
}
[2025-05-16T06:16:26.123Z] DEBUG: Room is empty, deleting:
{
  "roomId": "5UJP9K"
}
[2025-05-16T06:16:26.131Z] INFO: Room deleted successfully:
{
  "roomId": "5UJP9K"
}
[2025-05-16T17:09:16.000Z] INFO: Server running at http://localhost:3000
[2025-05-16T17:09:19.291Z] INFO: Client connected:
{
  "socketId": "MuZKgv7gN6Hdn52wAAAB"
}
[2025-05-21T17:53:51.361Z] INFO: Server running at http://localhost:3000
[2025-05-21T17:53:54.897Z] INFO: Client connected:
{
  "socketId": "z5ySkHFaRJxPxlXAAAAB"
}
[2025-05-21T17:54:11.648Z] INFO: Connected to SQLite database
[2025-05-21T17:54:11.664Z] DEBUG: Creating new room:
{
  "roomId": "UW6RWX"
}
[2025-05-21T17:54:11.704Z] INFO: Room created successfully:
{
  "roomId": "UW6RWX"
}
[2025-05-21T17:54:11.723Z] DEBUG: Adding new player:
{
  "socketId": "z5ySkHFaRJxPxlXAAAAB",
  "username": "poorna",
  "roomId": "UW6RWX",
  "symbol": "X"
}
[2025-05-21T17:54:11.879Z] INFO: Player added successfully:
{
  "username": "poorna",
  "roomId": "UW6RWX"
}
[2025-05-21T17:54:26.578Z] INFO: Client connected:
{
  "socketId": "Loyv9lmUE0SwHBpIAAAD"
}
[2025-05-21T17:54:38.400Z] DEBUG: Fetching room details:
{
  "roomId": "UW6RWX"
}
[2025-05-21T17:54:38.410Z] DEBUG: Room details retrieved:
{
  "roomId": "UW6RWX",
  "playerCount": 1
}
[2025-05-21T17:54:38.426Z] DEBUG: Adding new player:
{
  "socketId": "Loyv9lmUE0SwHBpIAAAD",
  "username": "prasanna",
  "roomId": "UW6RWX",
  "symbol": "O"
}
[2025-05-21T17:54:38.482Z] INFO: Player added successfully:
{
  "username": "prasanna",
  "roomId": "UW6RWX"
}
[2025-05-21T17:54:59.209Z] INFO: Client disconnected:
{
  "socketId": "Loyv9lmUE0SwHBpIAAAD"
}
[2025-05-21T17:54:59.222Z] DEBUG: Removing player:
{
  "socketId": "Loyv9lmUE0SwHBpIAAAD"
}
[2025-05-21T17:54:59.394Z] INFO: Player removed successfully:
{
  "socketId": "Loyv9lmUE0SwHBpIAAAD"
}
[2025-05-21T17:54:59.396Z] DEBUG: Checking room for cleanup:
{
  "roomId": "UW6RWX"
}
[2025-05-21T17:54:59.608Z] DEBUG: Room still has players, keeping:
{
  "roomId": "UW6RWX",
  "playerCount": 1
}
[2025-05-21T17:54:59.646Z] INFO: Client connected:
{
  "socketId": "BEX2I5Z1UDZxhr8iAAAF"
}
[2025-05-21T17:55:01.525Z] INFO: Client disconnected:
{
  "socketId": "z5ySkHFaRJxPxlXAAAAB"
}
[2025-05-21T17:55:01.528Z] DEBUG: Removing player:
{
  "socketId": "z5ySkHFaRJxPxlXAAAAB"
}
[2025-05-21T17:55:01.715Z] INFO: Player removed successfully:
{
  "socketId": "z5ySkHFaRJxPxlXAAAAB"
}
[2025-05-21T17:55:01.725Z] DEBUG: Checking room for cleanup:
{
  "roomId": "UW6RWX"
}
[2025-05-21T17:55:01.875Z] DEBUG: Room is empty, deleting:
{
  "roomId": "UW6RWX"
}
[2025-05-21T17:55:01.895Z] INFO: Room deleted successfully:
{
  "roomId": "UW6RWX"
}
[2025-05-21T17:58:02.725Z] INFO: Server running at http://localhost:3000
[2025-05-21T17:58:02.834Z] INFO: Client connected:
{
  "socketId": "mIZ7cOe4WPcV6W7AAAAB"
}
[2025-05-21T17:58:05.409Z] INFO: Client connected:
{
  "socketId": "YUeL9q44t56Y5rVgAAAD"
}
[2025-05-21T17:59:26.911Z] INFO: Server running at http://localhost:3000
[2025-05-21T17:59:28.347Z] INFO: Client connected:
{
  "socketId": "MONdIuC6PaGcHHZxAAAC"
}
[2025-05-21T18:00:51.580Z] INFO: Server running at http://localhost:3000
[2025-05-21T18:00:54.785Z] INFO: Client connected:
{
  "socketId": "SM39PpugCVhQ-h9oAAAB"
}
[2025-05-21T18:00:57.066Z] INFO: Client disconnected:
{
  "socketId": "SM39PpugCVhQ-h9oAAAB"
}
[2025-05-21T18:00:57.069Z] INFO: Connected to SQLite database
[2025-05-21T18:00:57.070Z] DEBUG: Removing player:
{
  "socketId": "SM39PpugCVhQ-h9oAAAB"
}
[2025-05-21T18:00:57.073Z] INFO: Player removed successfully:
{
  "socketId": "SM39PpugCVhQ-h9oAAAB"
}
[2025-05-21T18:00:57.116Z] INFO: Client connected:
{
  "socketId": "H4mbFFqrMOYIHcoUAAAD"
}
[2025-05-21T18:01:20.422Z] INFO: Client disconnected:
{
  "socketId": "H4mbFFqrMOYIHcoUAAAD"
}
[2025-05-21T18:01:20.423Z] DEBUG: Removing player:
{
  "socketId": "H4mbFFqrMOYIHcoUAAAD"
}
[2025-05-21T18:01:20.424Z] INFO: Player removed successfully:
{
  "socketId": "H4mbFFqrMOYIHcoUAAAD"
}
[2025-05-21T18:01:20.468Z] INFO: Client connected:
{
  "socketId": "5X9P2XToo1EapuvBAAAF"
}
[2025-05-21T18:03:12.954Z] INFO: Server running at http://localhost:3000
[2025-05-21T18:03:13.003Z] INFO: Client connected:
{
  "socketId": "mffQREl0fMhhumyoAAAB"
}
[2025-05-21T18:03:15.916Z] INFO: Client disconnected:
{
  "socketId": "mffQREl0fMhhumyoAAAB"
}
[2025-05-21T18:03:15.929Z] INFO: Connected to SQLite database
[2025-05-21T18:03:15.931Z] DEBUG: Removing player:
{
  "socketId": "mffQREl0fMhhumyoAAAB"
}
[2025-05-21T18:03:15.939Z] INFO: Player removed successfully:
{
  "socketId": "mffQREl0fMhhumyoAAAB"
}
[2025-05-21T18:03:15.988Z] INFO: Client connected:
{
  "socketId": "ltQdXguHLNAzDVCmAAAD"
}
[2025-05-21T18:04:35.775Z] INFO: Server running at http://localhost:3000
[2025-05-21T18:04:37.769Z] INFO: Client connected:
{
  "socketId": "ButMr24QsWxUQMeCAAAB"
}
[2025-05-21T18:08:04.042Z] INFO: Server running at http://localhost:3000
[2025-05-21T18:08:05.250Z] INFO: Client connected:
{
  "socketId": "dg2LzOU0L1wS1NQ6AAAB"
}
[2025-05-21T18:08:07.416Z] INFO: Client disconnected:
{
  "socketId": "dg2LzOU0L1wS1NQ6AAAB"
}
[2025-05-21T18:08:07.422Z] INFO: Connected to SQLite database
[2025-05-21T18:08:07.428Z] DEBUG: Removing player:
{
  "socketId": "dg2LzOU0L1wS1NQ6AAAB"
}
[2025-05-21T18:08:07.437Z] INFO: Player removed successfully:
{
  "socketId": "dg2LzOU0L1wS1NQ6AAAB"
}
[2025-05-21T18:08:07.476Z] INFO: Client connected:
{
  "socketId": "7VX8spi6Igntw0iNAAAD"
}
[2025-05-21T18:08:17.745Z] INFO: Client disconnected:
{
  "socketId": "7VX8spi6Igntw0iNAAAD"
}
[2025-05-21T18:08:17.755Z] DEBUG: Removing player:
{
  "socketId": "7VX8spi6Igntw0iNAAAD"
}
[2025-05-21T18:08:17.793Z] INFO: Player removed successfully:
{
  "socketId": "7VX8spi6Igntw0iNAAAD"
}
[2025-05-21T18:08:17.992Z] INFO: Client connected:
{
  "socketId": "p1R5d6TU_IQnPnyvAAAF"
}
[2025-05-21T18:13:44.907Z] INFO: Server running at http://localhost:3000
[2025-05-21T18:13:46.966Z] INFO: Client connected:
{
  "socketId": "_9idoLa0DAR8ne37AAAB"
}
[2025-05-21T18:13:54.868Z] INFO: Client connected:
{
  "socketId": "WQMce1KKbZ0fM8xEAAAD"
}
[2025-05-21T18:16:35.985Z] INFO: Server running at http://localhost:3000
[2025-05-21T18:16:41.249Z] INFO: Client connected:
{
  "socketId": "LtwGGDBdKtdT7pvFAAAC"
}
[2025-05-21T18:16:41.457Z] INFO: Client connected:
{
  "socketId": "HyneweBm0__djsNyAAAD"
}
[2025-05-21T18:16:59.411Z] INFO: Server running at http://localhost:3000
[2025-05-21T18:17:10.205Z] INFO: Client connected:
{
  "socketId": "5uIykYADjiKHtz0nAAAB"
}
[2025-05-21T18:17:20.982Z] INFO: Client connected:
{
  "socketId": "P6W2heTMmKXcm1H7AAAD"
}
[2025-05-21T18:18:05.296Z] INFO: Server running at http://localhost:3000
[2025-05-21T18:18:10.320Z] INFO: Client connected:
{
  "socketId": "2Xtu8bA9jmutoaRGAAAB"
}
[2025-05-21T18:18:23.759Z] INFO: Client connected:
{
  "socketId": "mNEq-GDjwWSTuWMyAAAD"
}
[2025-05-21T18:18:52.975Z] ERROR: Failed to start server:
{
  "code": "EADDRINUSE",
  "errno": -4091,
  "syscall": "listen",
  "address": "::",
  "port": 3000
}
[2025-05-22T00:19:12.069Z] INFO: Client disconnected:
{
  "socketId": "mNEq-GDjwWSTuWMyAAAD"
}
[2025-05-22T00:19:12.190Z] INFO: Connected to SQLite database
[2025-05-22T00:19:12.586Z] DEBUG: Removing player:
{
  "socketId": "mNEq-GDjwWSTuWMyAAAD"
}
[2025-05-22T00:19:12.851Z] INFO: Player removed successfully:
{
  "socketId": "mNEq-GDjwWSTuWMyAAAD"
}
[2025-05-22T00:19:28.578Z] INFO: Client connected:
{
  "socketId": "XDPESmzt3U_iBNY2AAAF"
}
[2025-05-22T04:25:55.428Z] INFO: Client disconnected:
{
  "socketId": "XDPESmzt3U_iBNY2AAAF"
}
[2025-05-22T04:25:55.431Z] DEBUG: Removing player:
{
  "socketId": "XDPESmzt3U_iBNY2AAAF"
}
[2025-05-22T04:25:55.436Z] INFO: Client disconnected:
{
  "socketId": "2Xtu8bA9jmutoaRGAAAB"
}
[2025-05-22T04:25:55.439Z] DEBUG: Removing player:
{
  "socketId": "2Xtu8bA9jmutoaRGAAAB"
}
[2025-05-22T04:25:55.447Z] INFO: Player removed successfully:
{
  "socketId": "XDPESmzt3U_iBNY2AAAF"
}
[2025-05-22T04:25:55.450Z] INFO: Player removed successfully:
{
  "socketId": "2Xtu8bA9jmutoaRGAAAB"
}
